<?xml version="1.0" encoding="UTF-8"?>
<!-- Generated by org.testng.reporters.JUnitXMLReporter -->
<testsuite hostname="Swadhin-PC" ignored="0" name="Global Logic Home Task : Discovery Flow" tests="1" failures="1" timestamp="31 Jul 2019 08:25:34 GMT" time="23.716" errors="0">
  <testcase name="discoveryTestSenario" time="7.5" classname="com.discovery.testcases.HomePageTest">
    <failure type="java.lang.NullPointerException">
      <![CDATA[java.lang.NullPointerException
	at org.openqa.selenium.support.events.EventFiringWebDriver.extractInterfaces(EventFiringWebDriver.java:120)
	at org.openqa.selenium.support.events.EventFiringWebDriver.access$300(EventFiringWebDriver.java:69)
	at org.openqa.selenium.support.events.EventFiringWebDriver$EventFiringWebElement.<init>(EventFiringWebDriver.java:397)
	at org.openqa.selenium.support.events.EventFiringWebDriver$EventFiringWebElement.<init>(EventFiringWebDriver.java:389)
	at org.openqa.selenium.support.events.EventFiringWebDriver.createWebElement(EventFiringWebDriver.java:327)
	at org.openqa.selenium.support.events.EventFiringWebDriver.findElement(EventFiringWebDriver.java:196)
	at org.openqa.selenium.support.pagefactory.DefaultElementLocator.findElement(DefaultElementLocator.java:69)
	at org.openqa.selenium.support.pagefactory.internal.LocatingElementHandler.invoke(LocatingElementHandler.java:38)
	at com.sun.proxy.$Proxy12.click(Unknown Source)
	at com.discovery.pages.HomePage.clickReference(HomePage.java:67)
	at com.discovery.testcases.HomePageTest.discoveryTestSenario(HomePageTest.java:33)
... Removed 25 stack frames]]>
    </failure>
  </testcase> <!-- discoveryTestSenario -->
</testsuite> <!-- Global Logic Home Task : Discovery Flow -->
