<?xml version="1.0" encoding="UTF-8"?>
<testng-results skipped="0" failed="1" ignored="0" total="1" passed="0">
  <reporter-output>
  </reporter-output>
  <suite name="Global Logic Test Automation" duration-ms="23716" started-at="2019-07-31T08:25:10Z" finished-at="2019-07-31T08:25:34Z">
    <groups>
    </groups>
    <test name="Global Logic Home Task : Discovery Flow" duration-ms="23716" started-at="2019-07-31T08:25:10Z" finished-at="2019-07-31T08:25:34Z">
      <class name="com.discovery.testcases.HomePageTest">
        <test-method status="PASS" signature="setUp()[pri:0, instance:com.discovery.testcases.HomePageTest@4883b407]" name="setUp" is-config="true" duration-ms="4841" started-at="2019-07-31T13:55:11Z" finished-at="2019-07-31T13:55:15Z">
          <reporter-output>
          </reporter-output>
        </test-method> <!-- setUp -->
        <test-method status="FAIL" signature="discoveryTestSenario()[pri:1, instance:com.discovery.testcases.HomePageTest@4883b407]" name="discoveryTestSenario" duration-ms="7500" started-at="2019-07-31T13:55:15Z" finished-at="2019-07-31T13:55:23Z">
          <exception class="java.lang.NullPointerException">
            <full-stacktrace>
              <![CDATA[java.lang.NullPointerException
	at org.openqa.selenium.support.events.EventFiringWebDriver.extractInterfaces(EventFiringWebDriver.java:120)
	at org.openqa.selenium.support.events.EventFiringWebDriver.access$300(EventFiringWebDriver.java:69)
	at org.openqa.selenium.support.events.EventFiringWebDriver$EventFiringWebElement.<init>(EventFiringWebDriver.java:397)
	at org.openqa.selenium.support.events.EventFiringWebDriver$EventFiringWebElement.<init>(EventFiringWebDriver.java:389)
	at org.openqa.selenium.support.events.EventFiringWebDriver.createWebElement(EventFiringWebDriver.java:327)
	at org.openqa.selenium.support.events.EventFiringWebDriver.findElement(EventFiringWebDriver.java:196)
	at org.openqa.selenium.support.pagefactory.DefaultElementLocator.findElement(DefaultElementLocator.java:69)
	at org.openqa.selenium.support.pagefactory.internal.LocatingElementHandler.invoke(LocatingElementHandler.java:38)
	at com.sun.proxy.$Proxy12.click(Unknown Source)
	at com.discovery.pages.HomePage.clickReference(HomePage.java:67)
	at com.discovery.testcases.HomePageTest.discoveryTestSenario(HomePageTest.java:33)
	at sun.reflect.NativeMethodAccessorImpl.invoke0(Native Method)
	at sun.reflect.NativeMethodAccessorImpl.invoke(Unknown Source)
	at sun.reflect.DelegatingMethodAccessorImpl.invoke(Unknown Source)
	at java.lang.reflect.Method.invoke(Unknown Source)
	at org.testng.internal.MethodInvocationHelper.invokeMethod(MethodInvocationHelper.java:108)
	at org.testng.internal.Invoker.invokeMethod(Invoker.java:661)
	at org.testng.internal.Invoker.invokeTestMethod(Invoker.java:869)
	at org.testng.internal.Invoker.invokeTestMethods(Invoker.java:1193)
	at org.testng.internal.TestMethodWorker.invokeTestMethods(TestMethodWorker.java:126)
	at org.testng.internal.TestMethodWorker.run(TestMethodWorker.java:109)
	at org.testng.TestRunner.privateRun(TestRunner.java:744)
	at org.testng.TestRunner.run(TestRunner.java:602)
	at org.testng.SuiteRunner.runTest(SuiteRunner.java:380)
	at org.testng.SuiteRunner.runSequentially(SuiteRunner.java:375)
	at org.testng.SuiteRunner.privateRun(SuiteRunner.java:340)
	at org.testng.SuiteRunner.run(SuiteRunner.java:289)
	at org.testng.SuiteRunnerWorker.runSuite(SuiteRunnerWorker.java:52)
	at org.testng.SuiteRunnerWorker.run(SuiteRunnerWorker.java:86)
	at org.testng.TestNG.runSuitesSequentially(TestNG.java:1301)
	at org.testng.TestNG.runSuitesLocally(TestNG.java:1226)
	at org.testng.TestNG.runSuites(TestNG.java:1144)
	at org.testng.TestNG.run(TestNG.java:1115)
	at org.testng.remote.AbstractRemoteTestNG.run(AbstractRemoteTestNG.java:115)
	at org.testng.remote.RemoteTestNG.initAndRun(RemoteTestNG.java:251)
	at org.testng.remote.RemoteTestNG.main(RemoteTestNG.java:77)
]]>
            </full-stacktrace>
          </exception> <!-- java.lang.NullPointerException -->
          <reporter-output>
          </reporter-output>
        </test-method> <!-- discoveryTestSenario -->
        <test-method status="PASS" signature="tearDown()[pri:0, instance:com.discovery.testcases.HomePageTest@4883b407]" name="tearDown" is-config="true" duration-ms="11328" started-at="2019-07-31T13:55:23Z" finished-at="2019-07-31T13:55:34Z">
          <reporter-output>
          </reporter-output>
        </test-method> <!-- tearDown -->
      </class> <!-- com.discovery.testcases.HomePageTest -->
    </test> <!-- Global Logic Home Task : Discovery Flow -->
  </suite> <!-- Global Logic Test Automation -->
</testng-results>
